<?xml version="1.0" encoding="UTF-8"?>
<!-- Generated by org.testng.reporters.JUnitReportReporter -->
<testsuite hostname="DESKTOP-MB0ONA7" failures="0" tests="3" name="besant.seleniumproject.PriorityClass" time="0.052" errors="0" timestamp="2022-06-26T20:14:17 GMT-07:00" skipped="0">
  <testcase classname="besant.seleniumproject.PriorityClass" name="Computer" time="0.042"/>
  <system-out/>
  <testcase classname="besant.seleniumproject.PriorityClass" name="age" time="0.005"/>
  <system-out/>
  <testcase classname="besant.seleniumproject.PriorityClass" name="book" time="0.005"/>
  <system-out/>
</testsuite> <!-- besant.seleniumproject.PriorityClass -->
