<?xml version="1.0" encoding="UTF-8"?>
<!-- Generated by org.testng.reporters.JUnitReportReporter -->
<testsuite hostname="DESKTOP-MB0ONA7" failures="0" tests="8" name="besant.seleniumproject.InvocationCount" time="0.078" errors="0" timestamp="2022-06-26T20:39:30 GMT-07:00" skipped="0">
  <testcase classname="besant.seleniumproject.InvocationCount" name="book" time="0.006"/>
  <system-out/>
  <testcase classname="besant.seleniumproject.InvocationCount" name="age" time="0.004"/>
  <system-out/>
  <testcase classname="besant.seleniumproject.InvocationCount" name="age" time="0.007"/>
  <system-out/>
  <testcase classname="besant.seleniumproject.InvocationCount" name="age" time="0.004"/>
  <system-out/>
  <testcase classname="besant.seleniumproject.InvocationCount" name="Computer" time="0.041"/>
  <system-out/>
  <testcase classname="besant.seleniumproject.InvocationCount" name="Computer" time="0.005"/>
  <system-out/>
  <testcase classname="besant.seleniumproject.InvocationCount" name="book" time="0.005"/>
  <system-out/>
  <testcase classname="besant.seleniumproject.InvocationCount" name="book" time="0.006"/>
  <system-out/>
</testsuite> <!-- besant.seleniumproject.InvocationCount -->
